[1.280s] Invoking command in '/home/robu/work/robu_kaudon_ws/src/robu': PYTHONPATH=/home/robu/work/robu_kaudon_ws/build/robu/prefix_override:/home/robu/work/robu_kaudon_ws/install/robu/lib/python3.10/site-packages:${PYTHONPATH} /usr/bin/python3 setup.py egg_info --egg-base ../../build/robu build --build-base /home/robu/work/robu_kaudon_ws/build/robu/build install --record /home/robu/work/robu_kaudon_ws/build/robu/install.log --single-version-externally-managed
[1.683s] running egg_info
[1.683s] creating ../../build/robu/robu.egg-info
[1.683s] writing ../../build/robu/robu.egg-info/PKG-INFO
[1.684s] writing dependency_links to ../../build/robu/robu.egg-info/dependency_links.txt
[1.684s] writing entry points to ../../build/robu/robu.egg-info/entry_points.txt
[1.684s] writing requirements to ../../build/robu/robu.egg-info/requires.txt
[1.684s] writing top-level names to ../../build/robu/robu.egg-info/top_level.txt
[1.685s] writing manifest file '../../build/robu/robu.egg-info/SOURCES.txt'
[1.687s] reading manifest file '../../build/robu/robu.egg-info/SOURCES.txt'
[1.687s] writing manifest file '../../build/robu/robu.egg-info/SOURCES.txt'
[1.688s] running build
[1.688s] running build_py
[1.688s] creating /home/robu/work/robu_kaudon_ws/build/robu/build
[1.689s] creating /home/robu/work/robu_kaudon_ws/build/robu/build/lib
[1.689s] creating /home/robu/work/robu_kaudon_ws/build/robu/build/lib/robu
[1.689s] copying robu/ex10_wallfollower.py -> /home/robu/work/robu_kaudon_ws/build/robu/build/lib/robu
[1.689s] copying robu/publisher_member_function.py -> /home/robu/work/robu_kaudon_ws/build/robu/build/lib/robu
[1.691s] copying robu/__init__.py -> /home/robu/work/robu_kaudon_ws/build/robu/build/lib/robu
[1.691s] copying robu/subscriber_member_function.py -> /home/robu/work/robu_kaudon_ws/build/robu/build/lib/robu
[1.692s] running install
[1.692s] running install_lib
[1.693s] creating /home/robu/work/robu_kaudon_ws/install/robu/lib/python3.10/site-packages/robu
[1.694s] copying /home/robu/work/robu_kaudon_ws/build/robu/build/lib/robu/ex10_wallfollower.py -> /home/robu/work/robu_kaudon_ws/install/robu/lib/python3.10/site-packages/robu
[1.694s] copying /home/robu/work/robu_kaudon_ws/build/robu/build/lib/robu/publisher_member_function.py -> /home/robu/work/robu_kaudon_ws/install/robu/lib/python3.10/site-packages/robu
[1.694s] copying /home/robu/work/robu_kaudon_ws/build/robu/build/lib/robu/__init__.py -> /home/robu/work/robu_kaudon_ws/install/robu/lib/python3.10/site-packages/robu
[1.694s] copying /home/robu/work/robu_kaudon_ws/build/robu/build/lib/robu/subscriber_member_function.py -> /home/robu/work/robu_kaudon_ws/install/robu/lib/python3.10/site-packages/robu
[1.695s] byte-compiling /home/robu/work/robu_kaudon_ws/install/robu/lib/python3.10/site-packages/robu/ex10_wallfollower.py to ex10_wallfollower.cpython-310.pyc
[1.696s] byte-compiling /home/robu/work/robu_kaudon_ws/install/robu/lib/python3.10/site-packages/robu/publisher_member_function.py to publisher_member_function.cpython-310.pyc
[1.696s] byte-compiling /home/robu/work/robu_kaudon_ws/install/robu/lib/python3.10/site-packages/robu/__init__.py to __init__.cpython-310.pyc
[1.697s] byte-compiling /home/robu/work/robu_kaudon_ws/install/robu/lib/python3.10/site-packages/robu/subscriber_member_function.py to subscriber_member_function.cpython-310.pyc
[1.697s] running install_data
[1.698s] creating /home/robu/work/robu_kaudon_ws/install/robu/share/ament_index
[1.698s] creating /home/robu/work/robu_kaudon_ws/install/robu/share/ament_index/resource_index
[1.698s] creating /home/robu/work/robu_kaudon_ws/install/robu/share/ament_index/resource_index/packages
[1.698s] copying resource/robu -> /home/robu/work/robu_kaudon_ws/install/robu/share/ament_index/resource_index/packages
[1.699s] copying package.xml -> /home/robu/work/robu_kaudon_ws/install/robu/share/robu
[1.699s] running install_egg_info
[1.701s] Copying ../../build/robu/robu.egg-info to /home/robu/work/robu_kaudon_ws/install/robu/lib/python3.10/site-packages/robu-0.0.0-py3.10.egg-info
[1.703s] running install_scripts
[1.746s] Installing ex10_wallfollower script to /home/robu/work/robu_kaudon_ws/install/robu/lib/robu
[1.746s] Installing mypublisher script to /home/robu/work/robu_kaudon_ws/install/robu/lib/robu
[1.746s] Installing mysubscriber script to /home/robu/work/robu_kaudon_ws/install/robu/lib/robu
[1.747s] writing list of installed files to '/home/robu/work/robu_kaudon_ws/build/robu/install.log'
[1.792s] Invoked command in '/home/robu/work/robu_kaudon_ws/src/robu' returned '0': PYTHONPATH=/home/robu/work/robu_kaudon_ws/build/robu/prefix_override:/home/robu/work/robu_kaudon_ws/install/robu/lib/python3.10/site-packages:${PYTHONPATH} /usr/bin/python3 setup.py egg_info --egg-base ../../build/robu build --build-base /home/robu/work/robu_kaudon_ws/build/robu/build install --record /home/robu/work/robu_kaudon_ws/build/robu/install.log --single-version-externally-managed
