[1.025s] Invoking command in '/home/robu/work/robu_kaudon_ws/src/robu': PYTHONPATH=/home/robu/work/robu_kaudon_ws/build/robu/prefix_override:/home/robu/work/robu_kaudon_ws/install/robu/lib/python3.10/site-packages:${PYTHONPATH} /usr/bin/python3 setup.py egg_info --egg-base ../../build/robu build --build-base /home/robu/work/robu_kaudon_ws/build/robu/build install --record /home/robu/work/robu_kaudon_ws/build/robu/install.log --single-version-externally-managed
[1.421s] running egg_info
[1.422s] writing ../../build/robu/robu.egg-info/PKG-INFO
[1.423s] writing dependency_links to ../../build/robu/robu.egg-info/dependency_links.txt
[1.424s] writing entry points to ../../build/robu/robu.egg-info/entry_points.txt
[1.425s] writing requirements to ../../build/robu/robu.egg-info/requires.txt
[1.425s] writing top-level names to ../../build/robu/robu.egg-info/top_level.txt
[1.430s] reading manifest file '../../build/robu/robu.egg-info/SOURCES.txt'
[1.432s] writing manifest file '../../build/robu/robu.egg-info/SOURCES.txt'
[1.432s] running build
[1.433s] running build_py
[1.434s] running install
[1.435s] running install_lib
[1.437s] running install_data
[1.439s] running install_egg_info
[1.443s] removing '/home/robu/work/robu_kaudon_ws/install/robu/lib/python3.10/site-packages/robu-0.0.0-py3.10.egg-info' (and everything under it)
[1.444s] Copying ../../build/robu/robu.egg-info to /home/robu/work/robu_kaudon_ws/install/robu/lib/python3.10/site-packages/robu-0.0.0-py3.10.egg-info
[1.447s] running install_scripts
[1.477s] Installing ex10_wallfollower script to /home/robu/work/robu_kaudon_ws/install/robu/lib/robu
[1.478s] Installing mypublisher script to /home/robu/work/robu_kaudon_ws/install/robu/lib/robu
[1.479s] Installing mysubscriber script to /home/robu/work/robu_kaudon_ws/install/robu/lib/robu
[1.480s] writing list of installed files to '/home/robu/work/robu_kaudon_ws/build/robu/install.log'
[1.527s] Invoked command in '/home/robu/work/robu_kaudon_ws/src/robu' returned '0': PYTHONPATH=/home/robu/work/robu_kaudon_ws/build/robu/prefix_override:/home/robu/work/robu_kaudon_ws/install/robu/lib/python3.10/site-packages:${PYTHONPATH} /usr/bin/python3 setup.py egg_info --egg-base ../../build/robu build --build-base /home/robu/work/robu_kaudon_ws/build/robu/build install --record /home/robu/work/robu_kaudon_ws/build/robu/install.log --single-version-externally-managed
